<?xml version="1.0" encoding="UTF-8"?>
<databaseChangeLog xmlns="http://www.liquibase.org/xml/ns/dbchangelog"
                   xmlns:xsi="http://www.w3.org/2001/XMLSchema-instance"
                   xsi:schemaLocation="http://www.liquibase.org/xml/ns/dbchangelog http://www.liquibase.org/xml/ns/dbchangelog/dbchangelog-3.1.xsd">
    <include file="migration.xml"/>
    <changeSet id="product-related-data-import" author="Marina Krivonosova">
        <insert tableName="categories">
            <column name="category_id">ctId1</column>
            <column name="name">category1</column>
            <column name="description">no description</column>
        </insert>
        <insert tableName="categories">
            <column name="category_id">ctId2</column>
            <column name="name">other category</column>
            <column name="description">something</column>
        </insert>
    </changeSet>
</databaseChangeLog>