<?xml version="1.0" encoding="UTF-8"?>
<databaseChangeLog xmlns="http://www.liquibase.org/xml/ns/dbchangelog"
                   xmlns:xsi="http://www.w3.org/2001/XMLSchema-instance"
                   xsi:schemaLocation="http://www.liquibase.org/xml/ns/dbchangelog http://www.liquibase.org/xml/ns/dbchangelog/dbchangelog-3.1.xsd">
    <include file="migration.xml"/>
    <changeSet id="product-related-data-import" author="Marina Krivonosova">
        <insert tableName="categories">
            <column name="category_id">ctId1</column>
            <column name="name">category1</column>
            <column name="description">no description</column>
        </insert>
        <insert tableName="categories">
            <column name="category_id">ctId2</column>
            <column name="name">other category</column>
            <column name="description">something</column>
        </insert>
    </changeSet>

    <changeSet id="order-related-data-import" author="Marina Krivonosova">
        <insert tableName="payment_methods">
            <column name="id">pmId1</column>
            <column name="payment_method">card</column>
        </insert>
        <insert tableName="payment_methods">
            <column name="id">pmId2</column>
            <column name="payment_method">cash</column>
        </insert>
        <insert tableName="payment_methods">
            <column name="id">pmId3</column>
            <column name="payment_method">check</column>
        </insert>
        <insert tableName="delivery_methods">
            <column name="id">dmId1</column>
            <column name="delivery_method">self-pickup</column>
        </insert>
        <insert tableName="delivery_methods">
            <column name="id">dmId2</column>
            <column name="delivery_method">post</column>
        </insert>
        <insert tableName="payment_statuses">
            <column name="id">psId1</column>
            <column name="payment_status">paid</column>
        </insert>
        <insert tableName="payment_statuses">
            <column name="id">psId2</column>
            <column name="payment_status">not paid</column>
        </insert>
        <insert tableName="order_statuses">
            <column name="id">osId1</column>
            <column name="order_status">created</column>
        </insert>
        <insert tableName="order_statuses">
            <column name="id">osId2</column>
            <column name="order_status">active</column>
        </insert>
        <insert tableName="order_statuses">
            <column name="id">osId3</column>
            <column name="order_status">completed</column>
        </insert>
        <insert tableName="order_statuses">
            <column name="id">osId4</column>
            <column name="order_status">canceled</column>
        </insert>
        <insert tableName="users">
            <column name="id">uId</column>
            <column name="firstname">john</column>
            <column name="lastname">wick</column>
            <column name="birthdate">1980-12-17</column>
            <column name="email">john@email.com</column>
            <column name="hashed_password">$2a$10$mVLxtxjrZOzkKCBfCJ6SKeH8xR5Q8yfhVasuLjMEuaN0cWvrIYf9a</column>
            <column name="phone">89000000000</column>
        </insert>
        <insert tableName="users">
            <column name="id">uId1</column>
            <column name="firstname">tom</column>
            <column name="lastname">sawyer</column>
            <column name="birthdate">1956-04-10</column>
            <column name="email">tom@email.com</column>
            <column name="hashed_password">$2a$10$iThMn.ZyIIFboRYX/V.XnOFTg/ZbyT5HR7zTOeWNwOgFzSrTXlOq2</column>
            <column name="phone">89010569024</column>
        </insert>
    </changeSet>
    
    <changeSet id="product-data" author="Dmitry Lebedko">
        <insert tableName="products">
            <column name="product_id">prId1</column>
            <column name="name">tv</column>
            <column name="description">full hd</column>
            <column name="price">10000.00</column>
            <column name="weight">2</column>
            <column name="volume">1</column>
            <column name="count">100</column>
            <column name="category_id">ctId1</column>
        </insert>
        <insert tableName="products">
            <column name="product_id">prId2</column>
            <column name="name">tv</column>
            <column name="description">full hd</column>
            <column name="price">12000.00</column>
            <column name="weight">3</column>
            <column name="volume">1</column>
            <column name="count">50</column>
            <column name="category_id">ctId1</column>
        </insert>
        <insert tableName="products">
            <column name="product_id">prId3</column>
            <column name="name">chair</column>
            <column name="description">wooden</column>
            <column name="price">1000.00</column>
            <column name="weight">1</column>
            <column name="volume">1</column>
            <column name="count">20</column>
            <column name="category_id">ctId2</column>
        </insert>
    </changeSet>
    
</databaseChangeLog>
